[TestNG-tests-1] INFO  testsFolder.SampleTest  - Logging Initialized
[TestNG-tests-1] INFO  testsFolder.SampleTest  - Starting logger Method
[TestNG-tests-1] INFO  testsFolder.SampleTest  - ending logger Method
[TestNG-tests-2] INFO  testsFolder.SampleTest  - Logging Initialized
[TestNG-tests-2] INFO  testsFolder.SampleTest  - Starting logger Method
[TestNG-tests-2] INFO  testsFolder.SampleTest  - ending logger Method
[TestNG-tests-2] INFO  testsFolder.SampleTest  - Logging Initialized
[TestNG-tests-2] INFO  testsFolder.SampleTest  - Starting logger Method
[TestNG-tests-1] INFO  testsFolder.SampleTest  - Logging Initialized
[TestNG-tests-1] INFO  testsFolder.SampleTest  - Starting logger Method
[TestNG-tests-2] INFO  testsFolder.SampleTest  - ending logger Method
[TestNG-tests-1] INFO  testsFolder.SampleTest  - ending logger Method
[TestNG-tests-2] INFO  testsFolder.SampleTest  - Logging Initialized
[TestNG-tests-2] INFO  testsFolder.SampleTest  - Starting logger Method
[TestNG-tests-2] INFO  testsFolder.SampleTest  - ending logger Method
[TestNG-tests-1] INFO  testsFolder.SampleTest  - Logging Initialized
[TestNG-tests-1] INFO  testsFolder.SampleTest  - Starting logger Method
[TestNG-tests-1] INFO  testsFolder.SampleTest  - ending logger Method
[TestNG-tests-1] INFO  testsFolder.SampleTest  - Logging Initialized
[TestNG-tests-1] INFO  testsFolder.SampleTest  - Starting logger Method
[TestNG-tests-2] INFO  testsFolder.SampleTest  - Logging Initialized
[TestNG-tests-2] INFO  testsFolder.SampleTest  - Starting logger Method
[TestNG-tests-1] INFO  testsFolder.SampleTest  - ending logger Method
[TestNG-tests-2] INFO  testsFolder.SampleTest  - ending logger Method
[TestNG-tests-2] INFO  testsFolder.SampleTest  - Logging Initialized
[TestNG-tests-2] INFO  testsFolder.SampleTest  - Starting logger Method
[TestNG-tests-2] INFO  testsFolder.SampleTest  - ending logger Method
[TestNG-tests-1] INFO  testsFolder.SampleTest  - Logging Initialized
[TestNG-tests-1] INFO  testsFolder.SampleTest  - Starting logger Method
[TestNG-tests-1] INFO  testsFolder.SampleTest  - ending logger Method
[TestNG-tests-2] INFO  testsFolder.SampleTest  - Logging Initialized
[TestNG-tests-2] INFO  testsFolder.SampleTest  - Starting logger Method
[TestNG-tests-2] INFO  testsFolder.SampleTest  - ending logger Method
[TestNG-tests-1] INFO  testsFolder.SampleTest  - Logging Initialized
[TestNG-tests-1] INFO  testsFolder.SampleTest  - Starting logger Method
[TestNG-tests-1] INFO  testsFolder.SampleTest  - ending logger Method
[TestNG-tests-2] INFO  testsFolder.SampleTest  - Logging Initialized
[TestNG-tests-2] INFO  testsFolder.SampleTest  - Starting logger Method
[TestNG-tests-2] INFO  testsFolder.SampleTest  - ending logger Method
[TestNG-tests-1] INFO  testsFolder.SampleTest  - Logging Initialized
[TestNG-tests-1] INFO  testsFolder.SampleTest  - Starting logger Method
[TestNG-tests-1] INFO  testsFolder.SampleTest  - Logging Initialized
[TestNG-tests-1] INFO  testsFolder.SampleTest  - Starting logger Method
[TestNG-tests-1] INFO  testsFolder.SampleTest  - Logging Initialized
[TestNG-tests-1] INFO  testsFolder.SampleTest  - Starting logger Method
[TestNG-tests-1] INFO  testsFolder.SampleTest  - Logging Initialized
[TestNG-tests-1] INFO  testsFolder.SampleTest  - Starting logger Method
[TestNG-tests-1] INFO  testsFolder.SampleTest  - Logging Initialized
[TestNG-tests-1] INFO  testsFolder.SampleTest  - Starting logger Method
[TestNG-tests-1] INFO  testsFolder.SampleTest  - Logging Initialized
[TestNG-tests-1] INFO  testsFolder.SampleTest  - Starting logger Method
[TestNG-tests-1] INFO  testsFolder.SampleTest  - Logging Initialized
[TestNG-tests-1] INFO  testsFolder.SampleTest  - Starting logger Method
[TestNG-tests-1] INFO  testsFolder.SampleTest  - Logging Initialized
[TestNG-tests-1] INFO  testsFolder.SampleTest  - Starting logger Method
[TestNG-tests-1] INFO  testsFolder.SampleTest  - Logging Initialized
[TestNG-tests-1] INFO  testsFolder.SampleTest  - Starting logger Method
[TestNG-tests-1] INFO  testsFolder.SampleTest  - Logging Initialized
[TestNG-tests-1] INFO  testsFolder.SampleTest  - Starting logger Method
[TestNG-tests-1] INFO  testsFolder.SampleTest  - Logging Initialized
[TestNG-tests-1] INFO  testsFolder.SampleTest  - Starting logger Method
[TestNG-tests-1] INFO  testsFolder.SampleTest  - Logging Initialized
[TestNG-tests-1] INFO  testsFolder.SampleTest  - Starting logger Method
[TestNG-tests-1] INFO  testsFolder.SampleTest  - Logging Initialized
[TestNG-tests-1] INFO  testsFolder.SampleTest  - Starting logger Method
[TestNG-tests-1] INFO  testsFolder.SampleTest  - Logging Initialized
[TestNG-tests-1] INFO  testsFolder.SampleTest  - Starting logger Method
[TestNG-tests-1] INFO  testsFolder.SampleTest  - Logging Initialized
[TestNG-tests-1] INFO  testsFolder.SampleTest  - Starting logger Method
[TestNG-tests-1] INFO  testsFolder.SampleTest  - Logging Initialized
[TestNG-tests-1] INFO  testsFolder.SampleTest  - Starting logger Method
[TestNG-tests-1] INFO  testsFolder.SampleTest  - ending logger Method
[TestNG-tests-1] INFO  testsFolder.SampleTest  - Logging Initialized
[TestNG-tests-1] INFO  testsFolder.SampleTest  - Starting logger Method
[TestNG-tests-1] INFO  testsFolder.SampleTest  - ending logger Method
[TestNG-tests-1] INFO  testsFolder.SampleTest  - Logging Initialized
[TestNG-tests-1] INFO  testsFolder.SampleTest  - Starting logger Method
[TestNG-tests-1] INFO  testsFolder.SampleTest  - Logging Initialized
[TestNG-tests-1] INFO  testsFolder.SampleTest  - Starting logger Method
[TestNG-tests-1] INFO  testsFolder.SampleTest  - Logging Initialized
[TestNG-tests-1] INFO  testsFolder.SampleTest  - Starting logger Method
[TestNG-tests-1] INFO  testsFolder.SampleTest  - Logging Initialized
[TestNG-tests-1] INFO  testsFolder.SampleTest  - Starting logger Method
[TestNG-tests-1] INFO  testsFolder.SampleTest  - Logging Initialized
[TestNG-tests-1] INFO  testsFolder.SampleTest  - Starting logger Method
[TestNG-tests-1] INFO  testsFolder.SampleTest  - ending logger Method
[TestNG-tests-1] INFO  testsFolder.SampleTest  - Logging Initialized
[TestNG-tests-1] INFO  testsFolder.SampleTest  - Starting logger Method
[TestNG-tests-1] INFO  testsFolder.SampleTest  - ending logger Method
[TestNG-tests-1] INFO  testsFolder.SampleTest  - Logging Initialized
[TestNG-tests-1] INFO  testsFolder.SampleTest  - Starting logger Method
[TestNG-tests-1] INFO  testsFolder.SampleTest  - ending logger Method
[TestNG-tests-1] INFO  testsFolder.SampleTest  - Logging Initialized
[TestNG-tests-1] INFO  testsFolder.SampleTest  - Starting logger Method
[TestNG-tests-1] INFO  testsFolder.SampleTest  - ending logger Method
[TestNG-tests-1] INFO  testsFolder.SampleTest  - Logging Initialized
[TestNG-tests-1] INFO  testsFolder.SampleTest  - Starting logger Method
[TestNG-tests-1] INFO  testsFolder.SampleTest  - ending logger Method
[TestNG-tests-2] INFO  testsFolder.SampleTest  - Logging Initialized
[TestNG-tests-2] INFO  testsFolder.SampleTest  - Starting logger Method
[TestNG-tests-2] INFO  testsFolder.SampleTest  - ending logger Method
[TestNG-tests-1] INFO  testsFolder.SampleTest  - Logging Initialized
[TestNG-tests-1] INFO  testsFolder.SampleTest  - Starting logger Method
[TestNG-tests-1] INFO  testsFolder.SampleTest  - Logging Initialized
[TestNG-tests-1] INFO  testsFolder.SampleTest  - Starting logger Method
[TestNG-tests-1] INFO  testsFolder.SampleTest  - Logging Initialized
[TestNG-tests-1] INFO  testsFolder.SampleTest  - Starting logger Method
[TestNG-tests-1] INFO  testsFolder.SampleTest  - Logging Initialized
[TestNG-tests-1] INFO  testsFolder.SampleTest  - Starting logger Method
[TestNG-tests-1] INFO  testsFolder.SampleTest  - Logging Initialized
[TestNG-tests-1] INFO  testsFolder.SampleTest  - Starting logger Method
[TestNG-tests-1] INFO  testsFolder.SampleTest  - Logging Initialized
[TestNG-tests-1] INFO  testsFolder.SampleTest  - Starting logger Method
[TestNG-tests-1] INFO  testsFolder.SampleTest  - Logging Initialized
[TestNG-tests-1] INFO  testsFolder.SampleTest  - Starting logger Method
[TestNG-tests-1] INFO  testsFolder.SampleTest  - Logging Initialized
[TestNG-tests-1] INFO  testsFolder.SampleTest  - Starting logger Method
[TestNG-tests-1] INFO  testsFolder.SampleTest  - Logging Initialized
[TestNG-tests-1] INFO  testsFolder.SampleTest  - Starting logger Method
[TestNG-tests-1] INFO  testsFolder.SampleTest  - Logging Initialized
[TestNG-tests-1] INFO  testsFolder.SampleTest  - Starting logger Method
[TestNG-tests-1] INFO  testsFolder.SampleTest  - Logging Initialized
[TestNG-tests-1] INFO  testsFolder.SampleTest  - Starting logger Method
[TestNG-tests-1] INFO  testsFolder.SampleTest  - ending logger Method
[TestNG-tests-1] INFO  testsFolder.SampleTest  - Logging Initialized
[TestNG-tests-1] INFO  testsFolder.SampleTest  - Starting logger Method
[TestNG-tests-1] INFO  testsFolder.SampleTest  - ending logger Method
[TestNG-tests-2] INFO  testsFolder.SampleTest  - Logging Initialized
[TestNG-tests-2] INFO  testsFolder.SampleTest  - Starting logger Method
[TestNG-tests-2] INFO  testsFolder.SampleTest  - ending logger Method
[TestNG-tests-1] INFO  testsFolder.SampleTest  - Logging Initialized
[TestNG-tests-1] INFO  testsFolder.SampleTest  - Starting logger Method
[TestNG-tests-2] INFO  testsFolder.SampleTest  - Logging Initialized
[TestNG-tests-2] INFO  testsFolder.SampleTest  - Starting logger Method
[TestNG-tests-1] INFO  testsFolder.SampleTest  - ending logger Method
[TestNG-tests-2] INFO  testsFolder.SampleTest  - ending logger Method
[TestNG-tests-1] INFO  testsFolder.SampleTest  - Starting logger Method
[TestNG-tests-1] INFO  testsFolder.SampleTest  - Trying to click on form Authentication Link
[TestNG-tests-1] INFO  testsFolder.SampleTest  - Successfully clicked on form Authentication Link
[TestNG-tests-1] INFO  testsFolder.SampleTest  - ending logger Method
[TestNG-tests-2] INFO  testsFolder.SampleTest  - Starting logger Method
[TestNG-tests-2] INFO  testsFolder.SampleTest  - Trying to click on form Authentication Link
[TestNG-tests-2] INFO  testsFolder.SampleTest  - Successfully clicked on form Authentication Link
[TestNG-tests-2] INFO  testsFolder.SampleTest  - ending logger Method
[TestNG-tests-2] INFO  testsFolder.SampleTest  - Starting logger Method
[TestNG-tests-2] INFO  testsFolder.SampleTest  - Trying to click on form Authentication Link
[TestNG-tests-2] INFO  testsFolder.SampleTest  - Successfully clicked on form Authentication Link
[TestNG-tests-2] INFO  testsFolder.SampleTest  - ending logger Method
[TestNG-tests-1] INFO  testsFolder.SampleTest  - Starting logger Method
[TestNG-tests-1] INFO  testsFolder.SampleTest  - Trying to click on form Authentication Link
[TestNG-tests-1] INFO  testsFolder.SampleTest  - Successfully clicked on form Authentication Link
[TestNG-tests-1] INFO  testsFolder.SampleTest  - ending logger Method
[TestNG-tests-2] INFO  testsFolder.SampleTest  - Starting logger Method
[TestNG-tests-2] INFO  testsFolder.SampleTest  - Trying to click on form Authentication Link
[TestNG-tests-2] INFO  testsFolder.SampleTest  - Successfully clicked on form Authentication Link
[TestNG-tests-2] INFO  testsFolder.SampleTest  - ending logger Method
[TestNG-tests-1] INFO  testsFolder.SampleTest  - Starting logger Method
[TestNG-tests-1] INFO  testsFolder.SampleTest  - Trying to click on form Authentication Link
[TestNG-tests-1] INFO  testsFolder.SampleTest  - Successfully clicked on form Authentication Link
[TestNG-tests-2] INFO  testsFolder.SampleTest  - Starting logger Method
[TestNG-tests-2] INFO  testsFolder.SampleTest  - Trying to click on form Authentication Link
[TestNG-tests-2] INFO  testsFolder.SampleTest  - Successfully clicked on form Authentication Link
[TestNG-tests-1] INFO  testsFolder.SampleTest  - ending logger Method
[TestNG-tests-2] INFO  testsFolder.SampleTest  - ending logger Method
[TestNG-tests-1] INFO  testsFolder.SampleTest  - Starting logger Method
[TestNG-tests-1] INFO  testsFolder.SampleTest  - Trying to click on form Authentication Link
[TestNG-tests-1] INFO  testsFolder.SampleTest  - Successfully clicked on form Authentication Link
[TestNG-tests-2] INFO  testsFolder.SampleTest  - Starting logger Method
[TestNG-tests-2] INFO  testsFolder.SampleTest  - Trying to click on form Authentication Link
[TestNG-tests-2] INFO  testsFolder.SampleTest  - Successfully clicked on form Authentication Link
[TestNG-tests-2] INFO  testsFolder.SampleTest  - ending logger Method
[TestNG-tests-1] INFO  testsFolder.SampleTest  - ending logger Method
[TestNG-tests-2] INFO  com.amazon.tests.SampleTest  - Starting logger Method
[TestNG-tests-2] INFO  com.amazon.tests.SampleTest  - Trying to click on form Authentication Link
[TestNG-tests-1] INFO  com.amazon.tests.SampleTest  - Starting logger Method
[TestNG-tests-1] INFO  com.amazon.tests.SampleTest  - Trying to click on form Authentication Link
[TestNG-tests-1] INFO  com.amazon.tests.SampleTest  - Successfully clicked on form Authentication Link
[TestNG-tests-1] INFO  com.amazon.tests.SampleTest  - ending logger Method
[TestNG-tests-2] INFO  com.amazon.tests.SampleTest  - Successfully clicked on form Authentication Link
[TestNG-tests-2] INFO  com.amazon.tests.SampleTest  - ending logger Method
[TestNG-tests-1] INFO  com.amazon.tests.SampleTest  - Starting logger Method
[TestNG-tests-2] INFO  com.amazon.tests.SampleTest  - Starting logger Method
[TestNG-tests-1] INFO  com.amazon.tests.SampleTest  - Trying to click on form Authentication Link
[TestNG-tests-2] INFO  com.amazon.tests.SampleTest  - Trying to click on form Authentication Link
[TestNG-tests-2] INFO  com.amazon.tests.SampleTest  - Successfully clicked on form Authentication Link
[TestNG-tests-1] INFO  com.amazon.tests.SampleTest  - Successfully clicked on form Authentication Link
[TestNG-tests-2] INFO  com.amazon.tests.SampleTest  - ending logger Method
[TestNG-tests-1] INFO  com.amazon.tests.SampleTest  - ending logger Method
[TestNG-tests-1] INFO  com.amazon.tests.SampleTest  - Starting logger Method
[TestNG-tests-1] INFO  com.amazon.tests.SampleTest  - Starting logger Method
[TestNG-tests-2] INFO  com.amazon.tests.SampleTest  - Starting logger Method
[TestNG-tests-2] INFO  com.amazon.tests.SampleTest  - Starting logger Method
[TestNG-tests-2] INFO  com.amazon.tests.SampleTest  - Trying to click on Deals link
[TestNG-tests-1] INFO  com.amazon.tests.SampleTest  - Starting logger Method
[TestNG-tests-1] INFO  com.amazon.tests.SampleTest  - Trying to click on Deals link
[TestNG-tests-2] INFO  com.amazon.tests.SampleTest  - Successfully clicked on Deals link
[TestNG-tests-2] INFO  com.amazon.tests.SampleTest  - ending logger Method
[TestNG-tests-1] INFO  com.amazon.tests.SampleTest  - Successfully clicked on Deals link
[TestNG-tests-2] INFO  com.amazon.tests.SampleTest  - Starting logger Method
[TestNG-tests-2] INFO  com.amazon.tests.SampleTest  - Trying to click on Deals link
[TestNG-tests-1] INFO  com.amazon.tests.SampleTest  - Starting logger Method
[TestNG-tests-1] INFO  com.amazon.tests.SampleTest  - Trying to click on Deals link
[TestNG-tests-2] INFO  com.amazon.tests.SampleTest  - Successfully clicked on Deals link
[TestNG-tests-1] INFO  com.amazon.tests.SampleTest  - Successfully clicked on Deals link
[TestNG-tests-1] INFO  com.amazon.tests.SampleTest  - ending logger Method
[TestNG-tests-1] INFO  com.amazon.tests.SampleTest  - Starting logger Method
[TestNG-tests-2] INFO  com.amazon.tests.SampleTest  - Starting logger Method
[TestNG-tests-1] INFO  com.amazon.tests.SampleTest  - Starting logger Method
[TestNG-tests-1] INFO  com.amazon.tests.SampleTest  - Trying to click on Deals link
[TestNG-tests-1] INFO  com.amazon.tests.SampleTest  - Successfully clicked on Deals link
[TestNG-tests-2] INFO  com.amazon.tests.SampleTest  - Starting logger Method
[TestNG-tests-2] INFO  com.amazon.tests.SampleTest  - Trying to click on Deals link
[TestNG-tests-1] INFO  com.amazon.tests.SampleTest  - ending logger Method
[TestNG-tests-2] INFO  com.amazon.tests.SampleTest  - Successfully clicked on Deals link
[TestNG-tests-2] INFO  com.amazon.tests.SampleTest  - ending logger Method
[TestNG-tests-2] INFO  com.amazon.tests.SampleTest  - Starting logger Method
[TestNG-tests-1] INFO  com.amazon.tests.SampleTest  - Starting logger Method
[TestNG-tests-2] INFO  com.amazon.tests.SampleTest  - Starting logger Method
[TestNG-tests-1] INFO  com.amazon.tests.SampleTest  - Starting logger Method
[TestNG-tests-1] INFO  com.amazon.tests.SampleTest  - Starting logger Method
[TestNG-tests-1] INFO  com.amazon.tests.SampleTest  - Trying to click on Deals link
[TestNG-tests-2] INFO  com.amazon.tests.SampleTest  - Starting logger Method
[TestNG-tests-1] INFO  com.amazon.tests.SampleTest  - Successfully clicked on Deals link
[TestNG-tests-2] INFO  com.amazon.tests.SampleTest  - Trying to click on Deals link
[TestNG-tests-2] INFO  com.amazon.tests.SampleTest  - Successfully clicked on Deals link
[TestNG-tests-2] INFO  com.amazon.tests.SampleTest  - Starting logger Method
[TestNG-tests-1] INFO  com.amazon.tests.SampleTest  - Starting logger Method
[TestNG-tests-2] INFO  com.amazon.tests.SampleTest  - Starting logger Method
[TestNG-tests-1] INFO  com.amazon.tests.SampleTest  - Starting logger Method
[TestNG-tests-1] INFO  com.amazon.tests.SampleTest  - Trying to click on Deals link
[TestNG-tests-2] INFO  com.amazon.tests.SampleTest  - Trying to click on Deals link
[TestNG-tests-1] INFO  com.amazon.tests.SampleTest  - Successfully clicked on Deals link
[TestNG-tests-2] INFO  com.amazon.tests.SampleTest  - Successfully clicked on Deals link
[TestNG-tests-2] INFO  com.amazon.tests.SampleTest  - ending logger Method
[TestNG-tests-1] INFO  com.amazon.tests.SampleTest  - ending logger Method
[TestNG-tests-1] INFO  com.amazon.tests.SampleTest  - Starting logger Method
[TestNG-tests-1] INFO  com.amazon.tests.SampleTest  - Trying to click on Deals link
[TestNG-tests-2] INFO  com.amazon.tests.SampleTest  - Starting logger Method
[TestNG-tests-2] INFO  com.amazon.tests.SampleTest  - Trying to click on Deals link
[TestNG-tests-2] INFO  com.amazon.tests.SampleTest  - Successfully clicked on Deals link
[TestNG-tests-1] INFO  com.amazon.tests.SampleTest  - Successfully clicked on Deals link
[TestNG-tests-2] INFO  com.amazon.tests.SampleTest  - Starting logger Method
[TestNG-tests-2] INFO  com.amazon.tests.SampleTest  - Trying to click on Deals link
[TestNG-tests-1] INFO  com.amazon.tests.SampleTest  - Starting logger Method
[TestNG-tests-1] INFO  com.amazon.tests.SampleTest  - Trying to click on Deals link
[TestNG-tests-2] INFO  com.amazon.tests.SampleTest  - Successfully clicked on Deals link
[TestNG-tests-1] INFO  com.amazon.tests.SampleTest  - Successfully clicked on Deals link
[TestNG-tests-2] INFO  com.amazon.tests.SampleTest  - ending logger Method
[TestNG-tests-1] INFO  com.amazon.tests.SampleTest  - ending logger Method
[TestNG-tests-1] INFO  com.amazon.tests.GiftsTest  - Starting logger Method
[TestNG-tests-1] INFO  com.amazon.tests.GiftsTest  - Starting logger Method
[TestNG-tests-1] INFO  com.amazon.tests.GiftsTest  - Starting logger Method
[TestNG-tests-1] INFO  com.amazon.tests.GiftsTest  - Trying to click on Gift Cards Link
[TestNG-tests-1] INFO  com.amazon.tests.GiftsTest  - Successfully clicked on Gift Cards Link
[TestNG-tests-1] INFO  com.amazon.tests.GiftsTest  - Starting logger Method
[TestNG-tests-1] INFO  com.amazon.tests.GiftsTest  - Trying to click on Gift Cards Link
[TestNG-tests-1] INFO  com.amazon.tests.GiftsTest  - Successfully clicked on Gift Cards Link
[TestNG-tests-1] INFO  com.amazon.tests.GiftsTest  - Starting logger Method
[TestNG-tests-1] INFO  com.amazon.tests.GiftsTest  - Trying to click on Gift Cards Link
[TestNG-tests-1] INFO  com.amazon.tests.GiftsTest  - Successfully clicked on Gift Cards Link
[TestNG-tests-1] INFO  com.amazon.tests.GiftsTest  - ending logger Method
[TestNG-tests-1] INFO  com.amazon.tests.GiftsTest  - Starting logger Method
[TestNG-tests-1] INFO  com.amazon.tests.DealsTest  - Starting logger Method
[TestNG-tests-1] INFO  com.amazon.tests.DealsTest  - Starting logger Method
[TestNG-tests-1] INFO  com.amazon.tests.DealsTest  - Starting logger Method
[TestNG-tests-1] INFO  com.amazon.tests.DealsTest  - Trying to click on Deals link
[TestNG-tests-1] INFO  com.amazon.tests.DealsTest  - Successfully clicked on Deals link
[TestNG-tests-1] INFO  com.amazon.tests.DealsTest  - ending logger Method
[TestNG-tests-1] INFO  com.amazon.tests.DealsTest  - Starting logger Method
[TestNG-tests-1] INFO  com.amazon.tests.DealsTest  - Trying to click on Deals link
[TestNG-tests-2] INFO  com.amazon.tests.GiftsTest  - Starting logger Method
[TestNG-tests-1] INFO  com.amazon.tests.DealsTest  - Successfully clicked on Deals link
[TestNG-tests-2] INFO  com.amazon.tests.GiftsTest  - Trying to click on Gift Cards Link
[TestNG-tests-1] INFO  com.amazon.tests.DealsTest  - ending logger Method
[TestNG-tests-2] INFO  com.amazon.tests.GiftsTest  - Successfully clicked on Gift Cards Link
[TestNG-tests-2] INFO  com.amazon.tests.GiftsTest  - ending logger Method
[TestNG-tests-1] INFO  com.amazon.tests.DealsTest  - Starting logger Method
[TestNG-tests-1] INFO  com.amazon.tests.DealsTest  - Trying to click on Deals link
[TestNG-tests-2] INFO  com.amazon.tests.GiftsTest  - Starting logger Method
[TestNG-tests-2] INFO  com.amazon.tests.GiftsTest  - Trying to click on Gift Cards Link
[TestNG-tests-1] INFO  com.amazon.tests.DealsTest  - Successfully clicked on Deals link
[TestNG-tests-2] INFO  com.amazon.tests.GiftsTest  - Successfully clicked on Gift Cards Link
[TestNG-tests-1] INFO  com.amazon.tests.DealsTest  - ending logger Method
[TestNG-tests-2] INFO  com.amazon.tests.GiftsTest  - ending logger Method
